<?xml version="1.0" encoding="UTF-8"?>
<testsuite xmlns:xsi="http://www.w3.org/2001/XMLSchema-instance" xsi:noNamespaceSchemaLocation="https://maven.apache.org/surefire/maven-surefire-plugin/xsd/surefire-test-report-3.0.xsd" version="3.0" name="com.exemplo.starterkit.StarterKitApplicationTests" time="2.662" tests="1" errors="0" skipped="0" failures="0">
  <properties>
[...]
</properties>
  <testcase name="contextLoads" classname="com.exemplo.starterkit.StarterKitApplicationTests" time="0.011">
    <system-out><![CDATA[2023-08-08T16:06:27.545-04:00  INFO 14176 --- [           main] t.c.s.AnnotationConfigContextLoaderUtils : Could not detect default configuration classes for test class [com.exemplo.starterkit.StarterKitApplicationTests]: StarterKitApplicationTests does not declare any static, non-private, non-final, nested classes annotated with @Configuration.
2023-08-08T16:06:27.556-04:00  INFO 14176 --- [           main] .b.t.c.SpringBootTestContextBootstrapper : Found @SpringBootConfiguration com.exemplo.starterkit.StarterKitApplication for test class com.exemplo.starterkit.StarterKitApplicationTests

  .   ____          _            __ _ _
 /\\ / ___'_ __ _ _(_)_ __  __ _ \ \ \ \
( ( )\___ | '_ | '_| | '_ \/ _` | \ \ \ \
 \\/  ___)| |_)| | | | | || (_| |  ) ) ) )
  '  |____| .__|_| |_|_| |_\__, | / / / /
 =========|_|==============|___/=/_/_/_/
 :: Spring Boot ::                (v3.1.2)

2023-08-08T16:06:27.684-04:00  INFO 14176 --- [           main] c.e.s.StarterKitApplicationTests         : Starting StarterKitApplicationTests using Java 20.0.2 with PID 14176 (started by marcos in /home/marcos/eclipse-workspace/starterkit-test)
2023-08-08T16:06:27.684-04:00  INFO 14176 --- [           main] c.e.s.StarterKitApplicationTests         : No active profile set, falling back to 1 default profile: "default"
2023-08-08T16:06:28.306-04:00  INFO 14176 --- [           main] .s.d.r.c.RepositoryConfigurationDelegate : Bootstrapping Spring Data JPA repositories in DEFAULT mode.
2023-08-08T16:06:28.342-04:00  INFO 14176 --- [           main] .s.d.r.c.RepositoryConfigurationDelegate : Finished Spring Data repository scanning in 34 ms. Found 1 JPA repository interfaces.
2023-08-08T16:06:28.782-04:00  INFO 14176 --- [           main] com.zaxxer.hikari.HikariDataSource       : HikariPool-1 - Starting...
2023-08-08T16:06:28.811-04:00  INFO 14176 --- [           main] com.zaxxer.hikari.pool.HikariPool        : HikariPool-1 - Added connection conn8: url=jdbc:h2:mem:testdb user=SA
2023-08-08T16:06:28.815-04:00  INFO 14176 --- [           main] com.zaxxer.hikari.HikariDataSource       : HikariPool-1 - Start completed.
2023-08-08T16:06:28.835-04:00  INFO 14176 --- [           main] o.hibernate.jpa.internal.util.LogHelper  : HHH000204: Processing PersistenceUnitInfo [name: default]
2023-08-08T16:06:28.839-04:00  INFO 14176 --- [           main] o.h.b.i.BytecodeProviderInitiator        : HHH000021: Bytecode provider name : bytebuddy
2023-08-08T16:06:28.839-04:00  INFO 14176 --- [           main] o.s.o.j.p.SpringPersistenceUnitInfo      : No LoadTimeWeaver setup: ignoring JPA class transformer
2023-08-08T16:06:28.847-04:00  INFO 14176 --- [           main] o.h.b.i.BytecodeProviderInitiator        : HHH000021: Bytecode provider name : bytebuddy
2023-08-08T16:06:28.925-04:00  INFO 14176 --- [           main] o.h.e.t.j.p.i.JtaPlatformInitiator       : HHH000490: Using JtaPlatform implementation: [org.hibernate.engine.transaction.jta.platform.internal.NoJtaPlatform]
Hibernate: 
    drop table if exists tb_users cascade 
Hibernate: 
    create table tb_users (
        age integer,
        cep integer,
        id bigint generated by default as identity,
        city varchar(255),
        email varchar(255) unique,
        name varchar(255),
        primary key (id)
    )
Hibernate: INSERT INTO tb_users (name, age, email, city, cep)  VALUES ('Marcos', 25, 'marcos@gmail.com', 'Manaus', 69077769)
Hibernate: INSERT INTO tb_users (name, age, email, city, cep)  VALUES ('Cícero', 30, 'cicero@hotmail.com', 'Faro', 6907787)
Hibernate: INSERT INTO tb_users (name, age, email, city, cep)  VALUES ('Ket', 30, 'ket@gmail.com', 'São Paulo', 69140000)
Hibernate: INSERT INTO tb_users (name, age, email, city, cep)  VALUES ('André', 20, 'andre@uol.com', 'Manaquiri', 69140452)
Hibernate: INSERT INTO tb_users (name, age, email, city, cep)  VALUES ('Ramon', 35, 'ramon@gmail.com', 'Manaus', 65987891)
2023-08-08T16:06:28.942-04:00  INFO 14176 --- [           main] j.LocalContainerEntityManagerFactoryBean : Initialized JPA EntityManagerFactory for persistence unit 'default'
2023-08-08T16:06:29.530-04:00  WARN 14176 --- [           main] JpaBaseConfiguration$JpaWebConfiguration : spring.jpa.open-in-view is enabled by default. Therefore, database queries may be performed during view rendering. Explicitly configure spring.jpa.open-in-view to disable this warning
2023-08-08T16:06:30.103-04:00  INFO 14176 --- [           main] o.s.b.a.h2.H2ConsoleAutoConfiguration    : H2 console available at '/h2-console'. Database available at 'jdbc:h2:mem:testdb'
2023-08-08T16:06:30.171-04:00  INFO 14176 --- [           main] c.e.s.StarterKitApplicationTests         : Started StarterKitApplicationTests in 2.574 seconds (process running for 16.326)
]]></system-out>
  </testcase>
</testsuite>